Using pre-set license
Built from '2020.3/staging' branch; Version is '2020.3.16f1 (049d6eca3c44) revision 302446'; Using compiler version '192528614'; Build Type 'Release'
OS: 'Windows 10 Pro; OS build 19044.1415; Version 2009; 64bit' Language: 'en' Physical Memory: 16221 MB
BatchMode: 1, IsHumanControllingUs: 0, StartBugReporterOnCrash: 0, Is64bit: 1, IsPro: 0

 COMMAND LINE ARGUMENTS:
C:\Program Files\Unity\Hub\Editor\2020.3.16f1\Editor\Unity.exe
-adb2
-batchMode
-noUpm
-name
AssetImportWorker0
-projectPath
C:/Users/admin/Desktop/UI_Metro_Client/UI_Metro_Client
-logFile
Logs/AssetImportWorker0.log
-srvPort
53661
Successfully changed project path to: C:/Users/admin/Desktop/UI_Metro_Client/UI_Metro_Client
C:/Users/admin/Desktop/UI_Metro_Client/UI_Metro_Client
Using Asset Import Pipeline V2.
Refreshing native plugins compatible for Editor in 34.23 ms, found 3 plugins.
Preloading 0 native plugins for Editor in 0.00 ms.
Initialize engine version: 2020.3.16f1 (049d6eca3c44)
[Subsystems] Discovering subsystems at path C:/Program Files/Unity/Hub/Editor/2020.3.16f1/Editor/Data/Resources/UnitySubsystems
[Subsystems] Discovering subsystems at path C:/Users/admin/Desktop/UI_Metro_Client/UI_Metro_Client/Assets
GfxDevice: creating device client; threaded=0
Direct3D:
    Version:  Direct3D 11.0 [level 11.1]
    Renderer: AMD Radeon RX 6600 (ID=0x73ff)
    Vendor:   
    VRAM:     8147 MB
    Driver:   30.0.13033.5003
Initialize mono
Mono path[0] = 'C:/Program Files/Unity/Hub/Editor/2020.3.16f1/Editor/Data/Managed'
Mono path[1] = 'C:/Program Files/Unity/Hub/Editor/2020.3.16f1/Editor/Data/MonoBleedingEdge/lib/mono/unityjit'
Mono config path = 'C:/Program Files/Unity/Hub/Editor/2020.3.16f1/Editor/Data/MonoBleedingEdge/etc'
Using monoOptions --debugger-agent=transport=dt_socket,embedding=1,server=y,suspend=n,address=127.0.0.1:56004
Begin MonoManager ReloadAssembly
Registering precompiled unity dll's ...
Register platform support module: C:/Program Files/Unity/Hub/Editor/2020.3.16f1/Editor/Data/PlaybackEngines/WindowsStandaloneSupport/UnityEditor.WindowsStandalone.Extensions.dll
Registered in 0.001212 seconds.
Native extension for WindowsStandalone target not found
Refreshing native plugins compatible for Editor in 34.70 ms, found 3 plugins.
Preloading 0 native plugins for Editor in 0.00 ms.
Mono: successfully reloaded assembly
- Completed reload, in  1.232 seconds
Domain Reload Profiling:
	ReloadAssembly (1232ms)
		BeginReloadAssembly (39ms)
			ExecutionOrderSort (0ms)
			DisableScriptedObjects (0ms)
			BackupInstance (0ms)
			ReleaseScriptingObjects (0ms)
			CreateAndSetChildDomain (1ms)
		EndReloadAssembly (326ms)
			LoadAssemblies (37ms)
			RebuildTransferFunctionScriptingTraits (0ms)
			SetupTypeCache (114ms)
			ReleaseScriptCaches (0ms)
			RebuildScriptCaches (22ms)
			SetupLoadedEditorAssemblies (134ms)
				LogAssemblyErrors (0ms)
				InitializePlatformSupportModulesInManaged (3ms)
				SetLoadedEditorAssemblies (0ms)
				RefreshPlugins (35ms)
				BeforeProcessingInitializeOnLoad (13ms)
				ProcessInitializeOnLoadAttributes (62ms)
				ProcessInitializeOnLoadMethodAttributes (22ms)
				AfterProcessingInitializeOnLoad (0ms)
				EditorAssembliesLoaded (0ms)
			ExecutionOrderSort2 (0ms)
			AwakeInstancesAfterBackupRestoration (0ms)
Platform modules already initialized, skipping
Registering precompiled user dll's ...
Registered in 0.002658 seconds.
Begin MonoManager ReloadAssembly
Native extension for WindowsStandalone target not found
Refreshing native plugins compatible for Editor in 34.05 ms, found 3 plugins.
Preloading 0 native plugins for Editor in 0.00 ms.
Mono: successfully reloaded assembly
- Completed reload, in  0.926 seconds
Domain Reload Profiling:
	ReloadAssembly (927ms)
		BeginReloadAssembly (103ms)
			ExecutionOrderSort (0ms)
			DisableScriptedObjects (3ms)
			BackupInstance (0ms)
			ReleaseScriptingObjects (0ms)
			CreateAndSetChildDomain (14ms)
		EndReloadAssembly (779ms)
			LoadAssemblies (65ms)
			RebuildTransferFunctionScriptingTraits (0ms)
			SetupTypeCache (251ms)
			ReleaseScriptCaches (0ms)
			RebuildScriptCaches (36ms)
			SetupLoadedEditorAssemblies (328ms)
				LogAssemblyErrors (0ms)
				InitializePlatformSupportModulesInManaged (3ms)
				SetLoadedEditorAssemblies (0ms)
				RefreshPlugins (34ms)
				BeforeProcessingInitializeOnLoad (60ms)
				ProcessInitializeOnLoadAttributes (215ms)
				ProcessInitializeOnLoadMethodAttributes (11ms)
				AfterProcessingInitializeOnLoad (5ms)
				EditorAssembliesLoaded (0ms)
			ExecutionOrderSort2 (0ms)
			AwakeInstancesAfterBackupRestoration (5ms)
Platform modules already initialized, skipping
========================================================================
Worker process is ready to serve import requests
Launched and connected shader compiler UnityShaderCompiler.exe after 0.05 seconds
Refreshing native plugins compatible for Editor in 0.40 ms, found 3 plugins.
Preloading 0 native plugins for Editor in 0.00 ms.
Unloading 2113 Unused Serialized files (Serialized files now loaded: 0)
System memory in use before: 95.5 MB.
System memory in use after: 95.6 MB.

Unloading 28 unused Assets to reduce memory usage. Loaded Objects now: 2551.
Total: 2.695200 ms (FindLiveObjects: 0.175400 ms CreateObjectMapping: 0.053500 ms MarkObjects: 2.396900 ms  DeleteObjects: 0.067700 ms)

AssetImportParameters requested are different than current active one (requested -> active):
  custom:framework-win-MediaFoundation: 216162199b28c13a410421893ffa2e32 -> 
  custom:video-decoder-ogg-theora: a1e56fd34408186e4bbccfd4996cb3dc -> 
  custom:container-muxer-webm: aa71ff27fc2769a1b78a27578f13a17b -> 
  custom:container-demuxer-webm: 4f35f7cbe854078d1ac9338744f61a02 -> 
  custom:container-demuxer-ogg: 62fdf1f143b41e24485cea50d1cbac27 -> 
  custom:video-encoder-webm-vp8: eb34c28f22e8b96e1ab97ce403110664 -> 
  custom:video-decoder-webm-vp8: 9c59270c3fd7afecdb556c50c9e8de78 -> 
  custom:audio-decoder-ogg-vorbis: bf7c407c2cedff20999df2af8eb42d56 -> 
  custom:audio-encoder-webm-vorbis: bf7c407c2cedff20999df2af8eb42d56 -> 
========================================================================
Received Import Request.
  path: Assets/Prefabs/UILogin.prefab
  artifactKey: Guid(4dcf566ed48c4c64d877ea06d2710e01) Importer(815301076,1909f56bfc062723c751e8b465ee728b)
Start importing Assets/Prefabs/UILogin.prefab using Guid(4dcf566ed48c4c64d877ea06d2710e01) Importer(815301076,1909f56bfc062723c751e8b465ee728b)  -> (artifact id: '95a20ee2516eb5a9285572796c2e2b7f') in 0.095030 seconds 
  Import took 0.099019 seconds .

========================================================================
Received Prepare
Refreshing native plugins compatible for Editor in 2.94 ms, found 3 plugins.
Preloading 0 native plugins for Editor in 0.00 ms.
Unloading 14 Unused Serialized files (Serialized files now loaded: 0)
System memory in use before: 54.1 MB.
System memory in use after: 54.2 MB.

Unloading 16 unused Assets to reduce memory usage. Loaded Objects now: 2551.
Total: 2.772000 ms (FindLiveObjects: 0.137100 ms CreateObjectMapping: 0.051400 ms MarkObjects: 2.558800 ms  DeleteObjects: 0.023500 ms)

AssetImportParameters requested are different than current active one (requested -> active):
  custom:framework-win-MediaFoundation: 216162199b28c13a410421893ffa2e32 -> 
  custom:video-decoder-ogg-theora: a1e56fd34408186e4bbccfd4996cb3dc -> 
  custom:container-muxer-webm: aa71ff27fc2769a1b78a27578f13a17b -> 
  custom:container-demuxer-webm: 4f35f7cbe854078d1ac9338744f61a02 -> 
  custom:container-demuxer-ogg: 62fdf1f143b41e24485cea50d1cbac27 -> 
  custom:video-encoder-webm-vp8: eb34c28f22e8b96e1ab97ce403110664 -> 
  custom:video-decoder-webm-vp8: 9c59270c3fd7afecdb556c50c9e8de78 -> 
  custom:audio-decoder-ogg-vorbis: bf7c407c2cedff20999df2af8eb42d56 -> 
  custom:audio-encoder-webm-vorbis: bf7c407c2cedff20999df2af8eb42d56 -> 
========================================================================
Received Import Request.
  Time since last request: 34.154952 seconds.
  path: Assets/PluginOther/MenuSystem/Dialog.cs
  artifactKey: Guid(5f33f37555cb6e24891046c36b791a48) Importer(815301076,1909f56bfc062723c751e8b465ee728b)
Start importing Assets/PluginOther/MenuSystem/Dialog.cs using Guid(5f33f37555cb6e24891046c36b791a48) Importer(815301076,1909f56bfc062723c751e8b465ee728b)  -> (artifact id: '968eea7423e2c1a79d3c4d542bcd3e19') in 0.010463 seconds 
  Import took 0.013712 seconds .

========================================================================
Received Import Request.
  Time since last request: 0.020095 seconds.
  path: Assets/PluginOther/MenuSystem/Dialog.cs
  artifactKey: Guid(5f33f37555cb6e24891046c36b791a48) Importer(815301076,1909f56bfc062723c751e8b465ee728b)
Start importing Assets/PluginOther/MenuSystem/Dialog.cs using Guid(5f33f37555cb6e24891046c36b791a48) Importer(815301076,1909f56bfc062723c751e8b465ee728b)  -> (artifact id: '968eea7423e2c1a79d3c4d542bcd3e19') in 0.002860 seconds 
  Import took 0.005550 seconds .

========================================================================
Received Import Request.
  Time since last request: 0.423918 seconds.
  path: Assets/PluginOther/MenuSystem/Menu.cs
  artifactKey: Guid(20ffccdba202ed147b3e992eaa9c751f) Importer(815301076,1909f56bfc062723c751e8b465ee728b)
Start importing Assets/PluginOther/MenuSystem/Menu.cs using Guid(20ffccdba202ed147b3e992eaa9c751f) Importer(815301076,1909f56bfc062723c751e8b465ee728b)  -> (artifact id: 'f1d6207b8c79119cbe5f223313eb1775') in 0.005063 seconds 
  Import took 0.008006 seconds .

========================================================================
Received Prepare
Registering precompiled user dll's ...
Registered in 0.002437 seconds.
Begin MonoManager ReloadAssembly
Native extension for WindowsStandalone target not found
Refreshing native plugins compatible for Editor in 0.34 ms, found 3 plugins.
Preloading 0 native plugins for Editor in 0.00 ms.
Mono: successfully reloaded assembly
- Completed reload, in  0.756 seconds
Domain Reload Profiling:
	ReloadAssembly (757ms)
		BeginReloadAssembly (85ms)
			ExecutionOrderSort (0ms)
			DisableScriptedObjects (4ms)
			BackupInstance (0ms)
			ReleaseScriptingObjects (0ms)
			CreateAndSetChildDomain (26ms)
		EndReloadAssembly (629ms)
			LoadAssemblies (60ms)
			RebuildTransferFunctionScriptingTraits (0ms)
			SetupTypeCache (187ms)
			ReleaseScriptCaches (1ms)
			RebuildScriptCaches (31ms)
			SetupLoadedEditorAssemblies (274ms)
				LogAssemblyErrors (0ms)
				InitializePlatformSupportModulesInManaged (4ms)
				SetLoadedEditorAssemblies (0ms)
				RefreshPlugins (0ms)
				BeforeProcessingInitializeOnLoad (59ms)
				ProcessInitializeOnLoadAttributes (201ms)
				ProcessInitializeOnLoadMethodAttributes (5ms)
				AfterProcessingInitializeOnLoad (5ms)
				EditorAssembliesLoaded (0ms)
			ExecutionOrderSort2 (0ms)
			AwakeInstancesAfterBackupRestoration (9ms)
Platform modules already initialized, skipping
Refreshing native plugins compatible for Editor in 0.34 ms, found 3 plugins.
Preloading 0 native plugins for Editor in 0.00 ms.
Unloading 2090 Unused Serialized files (Serialized files now loaded: 0)
System memory in use before: 93.7 MB.
System memory in use after: 93.8 MB.

Unloading 16 unused Assets to reduce memory usage. Loaded Objects now: 2554.
Total: 2.200600 ms (FindLiveObjects: 0.119700 ms CreateObjectMapping: 0.040900 ms MarkObjects: 2.025800 ms  DeleteObjects: 0.013400 ms)

AssetImportParameters requested are different than current active one (requested -> active):
  custom:framework-win-MediaFoundation: 216162199b28c13a410421893ffa2e32 -> 
  custom:video-decoder-ogg-theora: a1e56fd34408186e4bbccfd4996cb3dc -> 
  custom:container-muxer-webm: aa71ff27fc2769a1b78a27578f13a17b -> 
  custom:container-demuxer-webm: 4f35f7cbe854078d1ac9338744f61a02 -> 
  custom:container-demuxer-ogg: 62fdf1f143b41e24485cea50d1cbac27 -> 
  custom:video-encoder-webm-vp8: eb34c28f22e8b96e1ab97ce403110664 -> 
  custom:video-decoder-webm-vp8: 9c59270c3fd7afecdb556c50c9e8de78 -> 
  custom:audio-decoder-ogg-vorbis: bf7c407c2cedff20999df2af8eb42d56 -> 
  custom:audio-encoder-webm-vorbis: bf7c407c2cedff20999df2af8eb42d56 -> 
========================================================================
Received Import Request.
  Time since last request: 106.878687 seconds.
  path: Assets/Scripts/UI/Player.cs
  artifactKey: Guid(8cae565d5c8c734429d212c23aedf60d) Importer(815301076,1909f56bfc062723c751e8b465ee728b)
Start importing Assets/Scripts/UI/Player.cs using Guid(8cae565d5c8c734429d212c23aedf60d) Importer(815301076,1909f56bfc062723c751e8b465ee728b)  -> (artifact id: '02cb2b5406d531990f2dd4b41dcb8f3e') in 0.008423 seconds 
  Import took 0.011938 seconds .

========================================================================
Received Import Request.
  Time since last request: 0.001424 seconds.
  path: Assets/Scripts/UI/Player.cs
  artifactKey: Guid(8cae565d5c8c734429d212c23aedf60d) Importer(815301076,1909f56bfc062723c751e8b465ee728b)
Start importing Assets/Scripts/UI/Player.cs using Guid(8cae565d5c8c734429d212c23aedf60d) Importer(815301076,1909f56bfc062723c751e8b465ee728b)  -> (artifact id: '02cb2b5406d531990f2dd4b41dcb8f3e') in 0.001496 seconds 
  Import took 0.004130 seconds .

========================================================================
Received Prepare
Registering precompiled user dll's ...
Registered in 0.002567 seconds.
Begin MonoManager ReloadAssembly
Native extension for WindowsStandalone target not found
Refreshing native plugins compatible for Editor in 0.39 ms, found 3 plugins.
Preloading 0 native plugins for Editor in 0.00 ms.
Mono: successfully reloaded assembly
- Completed reload, in  0.833 seconds
Domain Reload Profiling:
	ReloadAssembly (834ms)
		BeginReloadAssembly (94ms)
			ExecutionOrderSort (0ms)
			DisableScriptedObjects (5ms)
			BackupInstance (0ms)
			ReleaseScriptingObjects (0ms)
			CreateAndSetChildDomain (27ms)
		EndReloadAssembly (685ms)
			LoadAssemblies (64ms)
			RebuildTransferFunctionScriptingTraits (0ms)
			SetupTypeCache (207ms)
			ReleaseScriptCaches (1ms)
			RebuildScriptCaches (32ms)
			SetupLoadedEditorAssemblies (301ms)
				LogAssemblyErrors (0ms)
				InitializePlatformSupportModulesInManaged (4ms)
				SetLoadedEditorAssemblies (0ms)
				RefreshPlugins (0ms)
				BeforeProcessingInitializeOnLoad (60ms)
				ProcessInitializeOnLoadAttributes (229ms)
				ProcessInitializeOnLoadMethodAttributes (4ms)
				AfterProcessingInitializeOnLoad (4ms)
				EditorAssembliesLoaded (0ms)
			ExecutionOrderSort2 (0ms)
			AwakeInstancesAfterBackupRestoration (8ms)
Platform modules already initialized, skipping
Refreshing native plugins compatible for Editor in 0.42 ms, found 3 plugins.
Preloading 0 native plugins for Editor in 0.00 ms.
Unloading 2091 Unused Serialized files (Serialized files now loaded: 0)
System memory in use before: 93.8 MB.
System memory in use after: 93.9 MB.

Unloading 16 unused Assets to reduce memory usage. Loaded Objects now: 2558.
Total: 2.271800 ms (FindLiveObjects: 0.121600 ms CreateObjectMapping: 0.046400 ms MarkObjects: 2.076500 ms  DeleteObjects: 0.026600 ms)

AssetImportParameters requested are different than current active one (requested -> active):
  custom:framework-win-MediaFoundation: 216162199b28c13a410421893ffa2e32 -> 
  custom:video-decoder-ogg-theora: a1e56fd34408186e4bbccfd4996cb3dc -> 
  custom:container-muxer-webm: aa71ff27fc2769a1b78a27578f13a17b -> 
  custom:container-demuxer-webm: 4f35f7cbe854078d1ac9338744f61a02 -> 
  custom:container-demuxer-ogg: 62fdf1f143b41e24485cea50d1cbac27 -> 
  custom:video-encoder-webm-vp8: eb34c28f22e8b96e1ab97ce403110664 -> 
  custom:video-decoder-webm-vp8: 9c59270c3fd7afecdb556c50c9e8de78 -> 
  custom:audio-decoder-ogg-vorbis: bf7c407c2cedff20999df2af8eb42d56 -> 
  custom:audio-encoder-webm-vorbis: bf7c407c2cedff20999df2af8eb42d56 -> 
========================================================================
Received Prepare
Registering precompiled user dll's ...
Registered in 0.002403 seconds.
Begin MonoManager ReloadAssembly
Native extension for WindowsStandalone target not found
Refreshing native plugins compatible for Editor in 0.36 ms, found 3 plugins.
Preloading 0 native plugins for Editor in 0.00 ms.
Mono: successfully reloaded assembly
- Completed reload, in  0.845 seconds
Domain Reload Profiling:
	ReloadAssembly (846ms)
		BeginReloadAssembly (98ms)
			ExecutionOrderSort (0ms)
			DisableScriptedObjects (5ms)
			BackupInstance (0ms)
			ReleaseScriptingObjects (0ms)
			CreateAndSetChildDomain (28ms)
		EndReloadAssembly (700ms)
			LoadAssemblies (66ms)
			RebuildTransferFunctionScriptingTraits (0ms)
			SetupTypeCache (208ms)
			ReleaseScriptCaches (1ms)
			RebuildScriptCaches (31ms)
			SetupLoadedEditorAssemblies (312ms)
				LogAssemblyErrors (0ms)
				InitializePlatformSupportModulesInManaged (4ms)
				SetLoadedEditorAssemblies (0ms)
				RefreshPlugins (0ms)
				BeforeProcessingInitializeOnLoad (63ms)
				ProcessInitializeOnLoadAttributes (235ms)
				ProcessInitializeOnLoadMethodAttributes (4ms)
				AfterProcessingInitializeOnLoad (4ms)
				EditorAssembliesLoaded (0ms)
			ExecutionOrderSort2 (0ms)
			AwakeInstancesAfterBackupRestoration (8ms)
Platform modules already initialized, skipping
Refreshing native plugins compatible for Editor in 0.33 ms, found 3 plugins.
Preloading 0 native plugins for Editor in 0.00 ms.
Unloading 2091 Unused Serialized files (Serialized files now loaded: 0)
System memory in use before: 93.8 MB.
System memory in use after: 93.9 MB.

Unloading 16 unused Assets to reduce memory usage. Loaded Objects now: 2561.
Total: 2.238400 ms (FindLiveObjects: 0.134800 ms CreateObjectMapping: 0.048700 ms MarkObjects: 2.037400 ms  DeleteObjects: 0.016400 ms)

AssetImportParameters requested are different than current active one (requested -> active):
  custom:framework-win-MediaFoundation: 216162199b28c13a410421893ffa2e32 -> 
  custom:video-decoder-ogg-theora: a1e56fd34408186e4bbccfd4996cb3dc -> 
  custom:container-muxer-webm: aa71ff27fc2769a1b78a27578f13a17b -> 
  custom:container-demuxer-webm: 4f35f7cbe854078d1ac9338744f61a02 -> 
  custom:container-demuxer-ogg: 62fdf1f143b41e24485cea50d1cbac27 -> 
  custom:video-encoder-webm-vp8: eb34c28f22e8b96e1ab97ce403110664 -> 
  custom:video-decoder-webm-vp8: 9c59270c3fd7afecdb556c50c9e8de78 -> 
  custom:audio-decoder-ogg-vorbis: bf7c407c2cedff20999df2af8eb42d56 -> 
  custom:audio-encoder-webm-vorbis: bf7c407c2cedff20999df2af8eb42d56 -> 
========================================================================
Received Import Request.
  Time since last request: 5640.341538 seconds.
  path: Assets/Scripts/UI/UILogin.cs
  artifactKey: Guid(90c62d12618430e469afafae4dbe9592) Importer(815301076,1909f56bfc062723c751e8b465ee728b)
Start importing Assets/Scripts/UI/UILogin.cs using Guid(90c62d12618430e469afafae4dbe9592) Importer(815301076,1909f56bfc062723c751e8b465ee728b)  -> (artifact id: 'f74c7836557dcc6a43a601f8ee4c0339') in 0.010552 seconds 
  Import took 0.016606 seconds .

========================================================================
Received Import Request.
  Time since last request: 14.495599 seconds.
  path: Assets/Scripts/Controller/UIController.cs
  artifactKey: Guid(f3a3937403f667b4d8fa02feeb8b6d61) Importer(815301076,1909f56bfc062723c751e8b465ee728b)
Start importing Assets/Scripts/Controller/UIController.cs using Guid(f3a3937403f667b4d8fa02feeb8b6d61) Importer(815301076,1909f56bfc062723c751e8b465ee728b)  -> (artifact id: '79b15c2982255e5359acaca292e61e86') in 0.006812 seconds 
  Import took 0.010511 seconds .

========================================================================
Received Import Request.
  Time since last request: 0.003025 seconds.
  path: Assets/Scripts/Controller/UIController.cs
  artifactKey: Guid(f3a3937403f667b4d8fa02feeb8b6d61) Importer(815301076,1909f56bfc062723c751e8b465ee728b)
Start importing Assets/Scripts/Controller/UIController.cs using Guid(f3a3937403f667b4d8fa02feeb8b6d61) Importer(815301076,1909f56bfc062723c751e8b465ee728b)  -> (artifact id: '79b15c2982255e5359acaca292e61e86') in 0.002433 seconds 
  Import took 0.004924 seconds .

========================================================================
Received Import Request.
  Time since last request: 18.109891 seconds.
  path: Assets/PluginOther/MenuSystem/SimpleMenu.cs
  artifactKey: Guid(102603b6cff79fb48be027f1b0ccdcde) Importer(815301076,1909f56bfc062723c751e8b465ee728b)
Start importing Assets/PluginOther/MenuSystem/SimpleMenu.cs using Guid(102603b6cff79fb48be027f1b0ccdcde) Importer(815301076,1909f56bfc062723c751e8b465ee728b)  -> (artifact id: '8d43dc17090b6d23807b66f855bc6466') in 0.005475 seconds 
  Import took 0.008766 seconds .

========================================================================
Received Import Request.
  Time since last request: 0.007476 seconds.
  path: Assets/PluginOther/MenuSystem/SimpleMenu.cs
  artifactKey: Guid(102603b6cff79fb48be027f1b0ccdcde) Importer(815301076,1909f56bfc062723c751e8b465ee728b)
Start importing Assets/PluginOther/MenuSystem/SimpleMenu.cs using Guid(102603b6cff79fb48be027f1b0ccdcde) Importer(815301076,1909f56bfc062723c751e8b465ee728b)  -> (artifact id: '8d43dc17090b6d23807b66f855bc6466') in 0.003275 seconds 
  Import took 0.006042 seconds .

========================================================================
Received Import Request.
  Time since last request: 3.972963 seconds.
  path: Assets/PluginOther/MenuSystem/MenuManager.cs
  artifactKey: Guid(f149cde294a93ae42968fab2289e1718) Importer(815301076,1909f56bfc062723c751e8b465ee728b)
Start importing Assets/PluginOther/MenuSystem/MenuManager.cs using Guid(f149cde294a93ae42968fab2289e1718) Importer(815301076,1909f56bfc062723c751e8b465ee728b)  -> (artifact id: '42656f1ee542b4560e2e9424244a32be') in 0.006166 seconds 
  Import took 0.009151 seconds .

========================================================================
Received Import Request.
  Time since last request: 36.957443 seconds.
  path: Assets/PluginOther/EditorButton/EditorButtonAttribute.cs
  artifactKey: Guid(fb4a84a1c22eaec429e427fb9bc4dc4b) Importer(815301076,1909f56bfc062723c751e8b465ee728b)
Start importing Assets/PluginOther/EditorButton/EditorButtonAttribute.cs using Guid(fb4a84a1c22eaec429e427fb9bc4dc4b) Importer(815301076,1909f56bfc062723c751e8b465ee728b)  -> (artifact id: '5e223ed53014f0bb9ac08f03f594b2b6') in 0.004829 seconds 
  Import took 0.008456 seconds .

========================================================================
Received Import Request.
  Time since last request: 0.008386 seconds.
  path: Assets/PluginOther/EditorButton/EditorButtonAttribute.cs
  artifactKey: Guid(fb4a84a1c22eaec429e427fb9bc4dc4b) Importer(815301076,1909f56bfc062723c751e8b465ee728b)
Start importing Assets/PluginOther/EditorButton/EditorButtonAttribute.cs using Guid(fb4a84a1c22eaec429e427fb9bc4dc4b) Importer(815301076,1909f56bfc062723c751e8b465ee728b)  -> (artifact id: '5e223ed53014f0bb9ac08f03f594b2b6') in 0.001704 seconds 
  Import took 0.004695 seconds .

========================================================================
Received Import Request.
  Time since last request: 2.316871 seconds.
  path: Assets/PluginOther/EditorButton/Editor/EditorButton.cs
  artifactKey: Guid(76ffe155c2fb4a6488fd19b732c0f6f0) Importer(815301076,1909f56bfc062723c751e8b465ee728b)
Start importing Assets/PluginOther/EditorButton/Editor/EditorButton.cs using Guid(76ffe155c2fb4a6488fd19b732c0f6f0) Importer(815301076,1909f56bfc062723c751e8b465ee728b)  -> (artifact id: '295c1d7bf1dc79c76dbb3dbeb0b7868e') in 0.004577 seconds 
  Import took 0.008187 seconds .

AssetImportWorkerClient::OnTransportError - code=2 error=End of file
